# JRE version: OpenJDK Runtime Environment (8.0_202) (build 1.8.0_202-release-1483-b49-5587405)
# Java VM: OpenJDK 64-Bit Server VM (25.202-b49-5587405 mixed mode linux-amd64 compressed oops)
Heap:
 PSYoungGen      total 397312K, used 16093K [0x00000000e0000000, 0x00000000f9e00000, 0x0000000100000000)
  eden space 370688K, 0% used [0x00000000e0000000,0x00000000e0000000,0x00000000f6a00000)
  from space 26624K, 60% used [0x00000000f6a00000,0x00000000f79b7560,0x00000000f8400000)
  to   space 22016K, 0% used [0x00000000f8880000,0x00000000f8880000,0x00000000f9e00000)
 ParOldGen       total 109056K, used 52060K [0x00000000a0000000, 0x00000000a6a80000, 0x00000000e0000000)
  object space 109056K, 47% used [0x00000000a0000000,0x00000000a32d7138,0x00000000a6a80000)
 Metaspace       used 93092K, capacity 96150K, committed 96472K, reserved 1132544K
  class space    used 12079K, capacity 12671K, committed 12760K, reserved 1048576K
GC Heap History (10 events):
Event: 49.389 GC heap after
Heap after GC invocations=16 (full 3):
 PSYoungGen      total 186880K, used 0K [0x00000000e0000000, 0x00000000f2400000, 0x0000000100000000)
  eden space 169472K, 0% used [0x00000000e0000000,0x00000000e0000000,0x00000000ea580000)
  from space 17408K, 0% used [0x00000000ea580000,0x00000000ea580000,0x00000000eb680000)
  to   space 17920K, 0% used [0x00000000f1280000,0x00000000f1280000,0x00000000f2400000)
 ParOldGen       total 73216K, used 28970K [0x00000000a0000000, 0x00000000a4780000, 0x00000000e0000000)
  object space 73216K, 39% used [0x00000000a0000000,0x00000000a1c4ab70,0x00000000a4780000)
 Metaspace       used 57349K, capacity 58956K, committed 59028K, reserved 1099776K
  class space    used 7739K, capacity 8121K, committed 8152K, reserved 1048576K
}
Event: 3023.208 GC heap before
{Heap before GC invocations=17 (full 3):
 PSYoungGen      total 186880K, used 169472K [0x00000000e0000000, 0x00000000f2400000, 0x0000000100000000)
  eden space 169472K, 100% used [0x00000000e0000000,0x00000000ea580000,0x00000000ea580000)
  from space 17408K, 0% used [0x00000000ea580000,0x00000000ea580000,0x00000000eb680000)
  to   space 17920K, 0% used [0x00000000f1280000,0x00000000f1280000,0x00000000f2400000)
 ParOldGen       total 73216K, used 28970K [0x00000000a0000000, 0x00000000a4780000, 0x00000000e0000000)
  object space 73216K, 39% used [0x00000000a0000000,0x00000000a1c4ab70,0x00000000a4780000)
 Metaspace       used 64660K, capacity 66716K, committed 66904K, reserved 1107968K
  class space    used 8486K, capacity 8927K, committed 9048K, reserved 1048576K
Event: 3023.234 GC heap after
Heap after GC invocations=17 (full 3):
 PSYoungGen      total 265728K, used 11061K [0x00000000e0000000, 0x00000000f1d80000, 0x0000000100000000)
  eden space 254464K, 0% used [0x00000000e0000000,0x00000000e0000000,0x00000000ef880000)
  from space 11264K, 98% used [0x00000000f1280000,0x00000000f1d4d7a0,0x00000000f1d80000)
  to   space 17920K, 0% used [0x00000000efa80000,0x00000000efa80000,0x00000000f0c00000)
 ParOldGen       total 73216K, used 28978K [0x00000000a0000000, 0x00000000a4780000, 0x00000000e0000000)
  object space 73216K, 39% used [0x00000000a0000000,0x00000000a1c4cb70,0x00000000a4780000)
 Metaspace       used 64660K, capacity 66716K, committed 66904K, reserved 1107968K
  class space    used 8486K, capacity 8927K, committed 9048K, reserved 1048576K
}
Event: 3030.190 GC heap before
{Heap before GC invocations=18 (full 3):
 PSYoungGen      total 265728K, used 265525K [0x00000000e0000000, 0x00000000f1d80000, 0x0000000100000000)
  eden space 254464K, 100% used [0x00000000e0000000,0x00000000ef880000,0x00000000ef880000)
  from space 11264K, 98% used [0x00000000f1280000,0x00000000f1d4d7a0,0x00000000f1d80000)
  to   space 17920K, 0% used [0x00000000efa80000,0x00000000efa80000,0x00000000f0c00000)
 ParOldGen       total 73216K, used 28978K [0x00000000a0000000, 0x00000000a4780000, 0x00000000e0000000)
  object space 73216K, 39% used [0x00000000a0000000,0x00000000a1c4cb70,0x00000000a4780000)
 Metaspace       used 78348K, capacity 81132K, committed 81368K, reserved 1120256K
  class space    used 10266K, capacity 10852K, committed 10968K, reserved 1048576K
Event: 3030.237 GC heap after
Heap after GC invocations=18 (full 3):
 PSYoungGen      total 274432K, used 17892K [0x00000000e0000000, 0x00000000fa280000, 0x0000000100000000)
  eden space 256512K, 0% used [0x00000000e0000000,0x00000000e0000000,0x00000000efa80000)
  from space 17920K, 99% used [0x00000000efa80000,0x00000000f0bf9240,0x00000000f0c00000)
  to   space 26624K, 0% used [0x00000000f8880000,0x00000000f8880000,0x00000000fa280000)
 ParOldGen       total 73216K, used 44869K [0x00000000a0000000, 0x00000000a4780000, 0x00000000e0000000)
  object space 73216K, 61% used [0x00000000a0000000,0x00000000a2bd1620,0x00000000a4780000)
 Metaspace       used 78348K, capacity 81132K, committed 81368K, reserved 1120256K
  class space    used 10266K, capacity 10852K, committed 10968K, reserved 1048576K
}
Event: 3050.900 GC heap before
{Heap before GC invocations=19 (full 3):
 PSYoungGen      total 274432K, used 274404K [0x00000000e0000000, 0x00000000fa280000, 0x0000000100000000)
  eden space 256512K, 100% used [0x00000000e0000000,0x00000000efa80000,0x00000000efa80000)
  from space 17920K, 99% used [0x00000000efa80000,0x00000000f0bf9240,0x00000000f0c00000)
  to   space 26624K, 0% used [0x00000000f8880000,0x00000000f8880000,0x00000000fa280000)
 ParOldGen       total 73216K, used 44869K [0x00000000a0000000, 0x00000000a4780000, 0x00000000e0000000)
  object space 73216K, 61% used [0x00000000a0000000,0x00000000a2bd1620,0x00000000a4780000)
 Metaspace       used 84524K, capacity 87464K, committed 87768K, reserved 1126400K
  class space    used 11048K, capacity 11683K, committed 11736K, reserved 1048576K
Event: 3050.968 GC heap after
Heap after GC invocations=19 (full 3):
 PSYoungGen      total 392704K, used 14388K [0x00000000e0000000, 0x00000000f9e00000, 0x0000000100000000)
  eden space 370688K, 0% used [0x00000000e0000000,0x00000000e0000000,0x00000000f6a00000)
  from space 22016K, 65% used [0x00000000f8880000,0x00000000f968d358,0x00000000f9e00000)
  to   space 26624K, 0% used [0x00000000f6a00000,0x00000000f6a00000,0x00000000f8400000)
 ParOldGen       total 73216K, used 60686K [0x00000000a0000000, 0x00000000a4780000, 0x00000000e0000000)
  object space 73216K, 82% used [0x00000000a0000000,0x00000000a3b43840,0x00000000a4780000)
 Metaspace       used 84524K, capacity 87464K, committed 87768K, reserved 1126400K
  class space    used 11048K, capacity 11683K, committed 11736K, reserved 1048576K
}
Event: 3050.968 GC heap before
{Heap before GC invocations=20 (full 4):
 PSYoungGen      total 392704K, used 14388K [0x00000000e0000000, 0x00000000f9e00000, 0x0000000100000000)
  eden space 370688K, 0% used [0x00000000e0000000,0x00000000e0000000,0x00000000f6a00000)
  from space 22016K, 65% used [0x00000000f8880000,0x00000000f968d358,0x00000000f9e00000)
  to   space 26624K, 0% used [0x00000000f6a00000,0x00000000f6a00000,0x00000000f8400000)
 ParOldGen       total 73216K, used 60686K [0x00000000a0000000, 0x00000000a4780000, 0x00000000e0000000)
  object space 73216K, 82% used [0x00000000a0000000,0x00000000a3b43840,0x00000000a4780000)
 Metaspace       used 84524K, capacity 87464K, committed 87768K, reserved 1126400K
  class space    used 11048K, capacity 11683K, committed 11736K, reserved 1048576K
Event: 3051.319 GC heap after
Heap after GC invocations=20 (full 4):
 PSYoungGen      total 392704K, used 0K [0x00000000e0000000, 0x00000000f9e00000, 0x0000000100000000)
  eden space 370688K, 0% used [0x00000000e0000000,0x00000000e0000000,0x00000000f6a00000)
  from space 22016K, 0% used [0x00000000f8880000,0x00000000f8880000,0x00000000f9e00000)
  to   space 26624K, 0% used [0x00000000f6a00000,0x00000000f6a00000,0x00000000f8400000)
 ParOldGen       total 109056K, used 52044K [0x00000000a0000000, 0x00000000a6a80000, 0x00000000e0000000)
  object space 109056K, 47% used [0x00000000a0000000,0x00000000a32d3138,0x00000000a6a80000)
 Metaspace       used 84321K, capacity 87068K, committed 87768K, reserved 1126400K
  class space    used 11002K, capacity 11599K, committed 11736K, reserved 1048576K
}
Event: 3097.473 GC heap before
{Heap before GC invocations=21 (full 4):
 PSYoungGen      total 392704K, used 370688K [0x00000000e0000000, 0x00000000f9e00000, 0x0000000100000000)
  eden space 370688K, 100% used [0x00000000e0000000,0x00000000f6a00000,0x00000000f6a00000)
  from space 22016K, 0% used [0x00000000f8880000,0x00000000f8880000,0x00000000f9e00000)
  to   space 26624K, 0% used [0x00000000f6a00000,0x00000000f6a00000,0x00000000f8400000)
 ParOldGen       total 109056K, used 52044K [0x00000000a0000000, 0x00000000a6a80000, 0x00000000e0000000)
  object space 109056K, 47% used [0x00000000a0000000,0x00000000a32d3138,0x00000000a6a80000)
 Metaspace       used 93092K, capacity 96150K, committed 96472K, reserved 1132544K
  class space    used 12079K, capacity 12671K, committed 12760K, reserved 1048576K

