# JRE version: OpenJDK Runtime Environment (8.0_202) (build 1.8.0_202-release-1483-b49-5587405)
# Java VM: OpenJDK 64-Bit Server VM (25.202-b49-5587405 mixed mode linux-amd64 compressed oops)
Heap:
 PSYoungGen      total 260608K, used 9416K [0x00000000e0000000, 0x00000000f1880000, 0x0000000100000000)
  eden space 236544K, 0% used [0x00000000e0000000,0x00000000e0000000,0x00000000ee700000)
  from space 24064K, 39% used [0x00000000ee700000,0x00000000ef032330,0x00000000efe80000)
  to   space 23552K, 0% used [0x00000000efe80000,0x00000000efe80000,0x00000000f1580000)
 ParOldGen       total 83456K, used 72117K [0x00000000a0000000, 0x00000000a5180000, 0x00000000e0000000)
  object space 83456K, 86% used [0x00000000a0000000,0x00000000a466d718,0x00000000a5180000)
 Metaspace       used 86048K, capacity 89550K, committed 89688K, reserved 1126400K
  class space    used 11363K, capacity 12064K, committed 12160K, reserved 1048576K
GC Heap History (10 events):
Event: 79.485 GC heap after
Heap after GC invocations=27 (full 3):
 PSYoungGen      total 208896K, used 9168K [0x00000000e0000000, 0x00000000ee980000, 0x0000000100000000)
  eden space 183296K, 0% used [0x00000000e0000000,0x00000000e0000000,0x00000000eb300000)
  from space 25600K, 35% used [0x00000000ecb00000,0x00000000ed3f43b8,0x00000000ee400000)
  to   space 24576K, 0% used [0x00000000eb300000,0x00000000eb300000,0x00000000ecb00000)
 ParOldGen       total 83456K, used 67296K [0x00000000a0000000, 0x00000000a5180000, 0x00000000e0000000)
  object space 83456K, 80% used [0x00000000a0000000,0x00000000a41b8088,0x00000000a5180000)
 Metaspace       used 84746K, capacity 88086K, committed 88280K, reserved 1126400K
  class space    used 11310K, capacity 11984K, committed 12032K, reserved 1048576K
}
Event: 81.244 GC heap before
{Heap before GC invocations=28 (full 3):
 PSYoungGen      total 208896K, used 192464K [0x00000000e0000000, 0x00000000ee980000, 0x0000000100000000)
  eden space 183296K, 100% used [0x00000000e0000000,0x00000000eb300000,0x00000000eb300000)
  from space 25600K, 35% used [0x00000000ecb00000,0x00000000ed3f43b8,0x00000000ee400000)
  to   space 24576K, 0% used [0x00000000eb300000,0x00000000eb300000,0x00000000ecb00000)
 ParOldGen       total 83456K, used 67296K [0x00000000a0000000, 0x00000000a5180000, 0x00000000e0000000)
  object space 83456K, 80% used [0x00000000a0000000,0x00000000a41b8088,0x00000000a5180000)
 Metaspace       used 85083K, capacity 88484K, committed 88536K, reserved 1126400K
  class space    used 11338K, capacity 12023K, committed 12032K, reserved 1048576K
Event: 81.261 GC heap after
Heap after GC invocations=28 (full 3):
 PSYoungGen      total 207872K, used 9321K [0x00000000e0000000, 0x00000000ef780000, 0x0000000100000000)
  eden space 183296K, 0% used [0x00000000e0000000,0x00000000e0000000,0x00000000eb300000)
  from space 24576K, 37% used [0x00000000eb300000,0x00000000ebc1a550,0x00000000ecb00000)
  to   space 23552K, 0% used [0x00000000ee080000,0x00000000ee080000,0x00000000ef780000)
 ParOldGen       total 83456K, used 67304K [0x00000000a0000000, 0x00000000a5180000, 0x00000000e0000000)
  object space 83456K, 80% used [0x00000000a0000000,0x00000000a41ba088,0x00000000a5180000)
 Metaspace       used 85083K, capacity 88484K, committed 88536K, reserved 1126400K
  class space    used 11338K, capacity 12023K, committed 12032K, reserved 1048576K
}
Event: 82.503 GC heap before
{Heap before GC invocations=29 (full 3):
 PSYoungGen      total 207872K, used 192617K [0x00000000e0000000, 0x00000000ef780000, 0x0000000100000000)
  eden space 183296K, 100% used [0x00000000e0000000,0x00000000eb300000,0x00000000eb300000)
  from space 24576K, 37% used [0x00000000eb300000,0x00000000ebc1a550,0x00000000ecb00000)
  to   space 23552K, 0% used [0x00000000ee080000,0x00000000ee080000,0x00000000ef780000)
 ParOldGen       total 83456K, used 67304K [0x00000000a0000000, 0x00000000a5180000, 0x00000000e0000000)
  object space 83456K, 80% used [0x00000000a0000000,0x00000000a41ba088,0x00000000a5180000)
 Metaspace       used 85226K, capacity 88624K, committed 88792K, reserved 1126400K
  class space    used 11347K, capacity 12025K, committed 12032K, reserved 1048576K
Event: 82.527 GC heap after
Heap after GC invocations=29 (full 3):
 PSYoungGen      total 230400K, used 10392K [0x00000000e0000000, 0x00000000ef700000, 0x0000000100000000)
  eden space 207360K, 0% used [0x00000000e0000000,0x00000000e0000000,0x00000000eca80000)
  from space 23040K, 45% used [0x00000000ee080000,0x00000000eeaa6248,0x00000000ef700000)
  to   space 22528K, 0% used [0x00000000eca80000,0x00000000eca80000,0x00000000ee080000)
 ParOldGen       total 83456K, used 67312K [0x00000000a0000000, 0x00000000a5180000, 0x00000000e0000000)
  object space 83456K, 80% used [0x00000000a0000000,0x00000000a41bc088,0x00000000a5180000)
 Metaspace       used 85226K, capacity 88624K, committed 88792K, reserved 1126400K
  class space    used 11347K, capacity 12025K, committed 12032K, reserved 1048576K
}
Event: 83.869 GC heap before
{Heap before GC invocations=30 (full 3):
 PSYoungGen      total 230400K, used 217752K [0x00000000e0000000, 0x00000000ef700000, 0x0000000100000000)
  eden space 207360K, 100% used [0x00000000e0000000,0x00000000eca80000,0x00000000eca80000)
  from space 23040K, 45% used [0x00000000ee080000,0x00000000eeaa6248,0x00000000ef700000)
  to   space 22528K, 0% used [0x00000000eca80000,0x00000000eca80000,0x00000000ee080000)
 ParOldGen       total 83456K, used 67312K [0x00000000a0000000, 0x00000000a5180000, 0x00000000e0000000)
  object space 83456K, 80% used [0x00000000a0000000,0x00000000a41bc088,0x00000000a5180000)
 Metaspace       used 85455K, capacity 88962K, committed 89176K, reserved 1126400K
  class space    used 11363K, capacity 12064K, committed 12160K, reserved 1048576K
Event: 83.901 GC heap after
Heap after GC invocations=30 (full 3):
 PSYoungGen      total 229888K, used 16669K [0x00000000e0000000, 0x00000000f1580000, 0x0000000100000000)
  eden space 207360K, 0% used [0x00000000e0000000,0x00000000e0000000,0x00000000eca80000)
  from space 22528K, 73% used [0x00000000eca80000,0x00000000edac7448,0x00000000ee080000)
  to   space 23552K, 0% used [0x00000000efe80000,0x00000000efe80000,0x00000000f1580000)
 ParOldGen       total 83456K, used 67312K [0x00000000a0000000, 0x00000000a5180000, 0x00000000e0000000)
  object space 83456K, 80% used [0x00000000a0000000,0x00000000a41bc088,0x00000000a5180000)
 Metaspace       used 85455K, capacity 88962K, committed 89176K, reserved 1126400K
  class space    used 11363K, capacity 12064K, committed 12160K, reserved 1048576K
}
Event: 85.194 GC heap before
{Heap before GC invocations=31 (full 3):
 PSYoungGen      total 229888K, used 224029K [0x00000000e0000000, 0x00000000f1580000, 0x0000000100000000)
  eden space 207360K, 100% used [0x00000000e0000000,0x00000000eca80000,0x00000000eca80000)
  from space 22528K, 73% used [0x00000000eca80000,0x00000000edac7448,0x00000000ee080000)
  to   space 23552K, 0% used [0x00000000efe80000,0x00000000efe80000,0x00000000f1580000)
 ParOldGen       total 83456K, used 67312K [0x00000000a0000000, 0x00000000a5180000, 0x00000000e0000000)
  object space 83456K, 80% used [0x00000000a0000000,0x00000000a41bc088,0x00000000a5180000)
 Metaspace       used 85893K, capacity 89402K, committed 89688K, reserved 1126400K
  class space    used 11363K, capacity 12064K, committed 12160K, reserved 1048576K
Event: 85.232 GC heap after
Heap after GC invocations=31 (full 3):
 PSYoungGen      total 260096K, used 16635K [0x00000000e0000000, 0x00000000f1880000, 0x0000000100000000)
  eden space 236544K, 0% used [0x00000000e0000000,0x00000000e0000000,0x00000000ee700000)
  from space 23552K, 70% used [0x00000000efe80000,0x00000000f0ebedf8,0x00000000f1580000)
  to   space 24064K, 0% used [0x00000000ee700000,0x00000000ee700000,0x00000000efe80000)
 ParOldGen       total 83456K, used 67312K [0x00000000a0000000, 0x00000000a5180000, 0x00000000e0000000)
  object space 83456K, 80% used [0x00000000a0000000,0x00000000a41bc088,0x00000000a5180000)
 Metaspace       used 85893K, capacity 89402K, committed 89688K, reserved 1126400K
  class space    used 11363K, capacity 12064K, committed 12160K, reserved 1048576K
}
Event: 87.336 GC heap before
{Heap before GC invocations=32 (full 3):
 PSYoungGen      total 260096K, used 253179K [0x00000000e0000000, 0x00000000f1880000, 0x0000000100000000)
  eden space 236544K, 100% used [0x00000000e0000000,0x00000000ee700000,0x00000000ee700000)
  from space 23552K, 70% used [0x00000000efe80000,0x00000000f0ebedf8,0x00000000f1580000)
  to   space 24064K, 0% used [0x00000000ee700000,0x00000000ee700000,0x00000000efe80000)
 ParOldGen       total 83456K, used 67312K [0x00000000a0000000, 0x00000000a5180000, 0x00000000e0000000)
  object space 83456K, 80% used [0x00000000a0000000,0x00000000a41bc088,0x00000000a5180000)
 Metaspace       used 86048K, capacity 89550K, committed 89688K, reserved 1126400K
  class space    used 11363K, capacity 12064K, committed 12160K, reserved 1048576K

