# JRE version: OpenJDK Runtime Environment (8.0_202) (build 1.8.0_202-release-1483-b49-5587405)
# Java VM: OpenJDK 64-Bit Server VM (25.202-b49-5587405 mixed mode linux-amd64 compressed oops)
Heap:
 PSYoungGen      total 337920K, used 0K [0x00000000e0000000, 0x00000000f7780000, 0x0000000100000000)
  eden space 302592K, 0% used [0x00000000e0000000,0x00000000e0000000,0x00000000f2780000)
  from space 35328K, 0% used [0x00000000f4a80000,0x00000000f4a80000,0x00000000f6d00000)
  to   space 35840K, 0% used [0x00000000f2780000,0x00000000f2780000,0x00000000f4a80000)
 ParOldGen       total 89600K, used 72620K [0x00000000a0000000, 0x00000000a5780000, 0x00000000e0000000)
  object space 89600K, 81% used [0x00000000a0000000,0x00000000a46eb3d0,0x00000000a5780000)
 Metaspace       used 94542K, capacity 97908K, committed 98380K, reserved 1134592K
  class space    used 12608K, capacity 13306K, committed 13440K, reserved 1048576K
GC Heap History (10 events):
Event: 41.823 GC heap after
Heap after GC invocations=13 (full 3):
 PSYoungGen      total 251904K, used 0K [0x00000000e0000000, 0x00000000f1400000, 0x0000000100000000)
  eden space 232448K, 0% used [0x00000000e0000000,0x00000000e0000000,0x00000000ee300000)
  from space 19456K, 0% used [0x00000000ef900000,0x00000000ef900000,0x00000000f0c00000)
  to   space 22528K, 0% used [0x00000000ee300000,0x00000000ee300000,0x00000000ef900000)
 ParOldGen       total 89600K, used 33786K [0x00000000a0000000, 0x00000000a5780000, 0x00000000e0000000)
  object space 89600K, 37% used [0x00000000a0000000,0x00000000a20fe900,0x00000000a5780000)
 Metaspace       used 57394K, capacity 58924K, committed 59028K, reserved 1099776K
  class space    used 7770K, capacity 8133K, committed 8192K, reserved 1048576K
}
Event: 311.880 GC heap before
{Heap before GC invocations=14 (full 3):
 PSYoungGen      total 251904K, used 232448K [0x00000000e0000000, 0x00000000f1400000, 0x0000000100000000)
  eden space 232448K, 100% used [0x00000000e0000000,0x00000000ee300000,0x00000000ee300000)
  from space 19456K, 0% used [0x00000000ef900000,0x00000000ef900000,0x00000000f0c00000)
  to   space 22528K, 0% used [0x00000000ee300000,0x00000000ee300000,0x00000000ef900000)
 ParOldGen       total 89600K, used 33786K [0x00000000a0000000, 0x00000000a5780000, 0x00000000e0000000)
  object space 89600K, 37% used [0x00000000a0000000,0x00000000a20fe900,0x00000000a5780000)
 Metaspace       used 73115K, capacity 75256K, committed 75608K, reserved 1114112K
  class space    used 9545K, capacity 10029K, committed 10112K, reserved 1048576K
Event: 311.945 GC heap after
Heap after GC invocations=14 (full 3):
 PSYoungGen      total 254976K, used 22523K [0x00000000e0000000, 0x00000000f4100000, 0x0000000100000000)
  eden space 232448K, 0% used [0x00000000e0000000,0x00000000e0000000,0x00000000ee300000)
  from space 22528K, 99% used [0x00000000ee300000,0x00000000ef8feda8,0x00000000ef900000)
  to   space 26624K, 0% used [0x00000000f2700000,0x00000000f2700000,0x00000000f4100000)
 ParOldGen       total 89600K, used 35952K [0x00000000a0000000, 0x00000000a5780000, 0x00000000e0000000)
  object space 89600K, 40% used [0x00000000a0000000,0x00000000a231c1f0,0x00000000a5780000)
 Metaspace       used 73115K, capacity 75256K, committed 75608K, reserved 1114112K
  class space    used 9545K, capacity 10029K, committed 10112K, reserved 1048576K
}
Event: 339.114 GC heap before
{Heap before GC invocations=15 (full 3):
 PSYoungGen      total 254976K, used 254971K [0x00000000e0000000, 0x00000000f4100000, 0x0000000100000000)
  eden space 232448K, 100% used [0x00000000e0000000,0x00000000ee300000,0x00000000ee300000)
  from space 22528K, 99% used [0x00000000ee300000,0x00000000ef8feda8,0x00000000ef900000)
  to   space 26624K, 0% used [0x00000000f2700000,0x00000000f2700000,0x00000000f4100000)
 ParOldGen       total 89600K, used 35952K [0x00000000a0000000, 0x00000000a5780000, 0x00000000e0000000)
  object space 89600K, 40% used [0x00000000a0000000,0x00000000a231c1f0,0x00000000a5780000)
 Metaspace       used 82990K, capacity 85718K, committed 85976K, reserved 1124352K
  class space    used 10850K, capacity 11435K, committed 11520K, reserved 1048576K
Event: 339.189 GC heap after
Heap after GC invocations=15 (full 3):
 PSYoungGen      total 294400K, used 26596K [0x00000000e0000000, 0x00000000f4a80000, 0x0000000100000000)
  eden space 267776K, 0% used [0x00000000e0000000,0x00000000e0000000,0x00000000f0580000)
  from space 26624K, 99% used [0x00000000f2700000,0x00000000f40f9118,0x00000000f4100000)
  to   space 34304K, 0% used [0x00000000f0580000,0x00000000f0580000,0x00000000f2700000)
 ParOldGen       total 89600K, used 44535K [0x00000000a0000000, 0x00000000a5780000, 0x00000000e0000000)
  object space 89600K, 49% used [0x00000000a0000000,0x00000000a2b7dc30,0x00000000a5780000)
 Metaspace       used 82990K, capacity 85718K, committed 85976K, reserved 1124352K
  class space    used 10850K, capacity 11435K, committed 11520K, reserved 1048576K
}
Event: 412.222 GC heap before
{Heap before GC invocations=16 (full 3):
 PSYoungGen      total 294400K, used 294372K [0x00000000e0000000, 0x00000000f4a80000, 0x0000000100000000)
  eden space 267776K, 100% used [0x00000000e0000000,0x00000000f0580000,0x00000000f0580000)
  from space 26624K, 99% used [0x00000000f2700000,0x00000000f40f9118,0x00000000f4100000)
  to   space 34304K, 0% used [0x00000000f0580000,0x00000000f0580000,0x00000000f2700000)
 ParOldGen       total 89600K, used 44535K [0x00000000a0000000, 0x00000000a5780000, 0x00000000e0000000)
  object space 89600K, 49% used [0x00000000a0000000,0x00000000a2b7dc30,0x00000000a5780000)
 Metaspace       used 89668K, capacity 92896K, committed 93144K, reserved 1130496K
  class space    used 11841K, capacity 12518K, committed 12544K, reserved 1048576K
Event: 412.506 GC heap after
Heap after GC invocations=16 (full 3):
 PSYoungGen      total 302080K, used 21473K [0x00000000e0000000, 0x00000000f6d00000, 0x0000000100000000)
  eden space 267776K, 0% used [0x00000000e0000000,0x00000000e0000000,0x00000000f0580000)
  from space 34304K, 62% used [0x00000000f0580000,0x00000000f1a78450,0x00000000f2700000)
  to   space 35328K, 0% used [0x00000000f4a80000,0x00000000f4a80000,0x00000000f6d00000)
 ParOldGen       total 89600K, used 70357K [0x00000000a0000000, 0x00000000a5780000, 0x00000000e0000000)
  object space 89600K, 78% used [0x00000000a0000000,0x00000000a44b55e8,0x00000000a5780000)
 Metaspace       used 89668K, capacity 92896K, committed 93144K, reserved 1130496K
  class space    used 11841K, capacity 12518K, committed 12544K, reserved 1048576K
}
Event: 421.558 GC heap before
{Heap before GC invocations=17 (full 3):
 PSYoungGen      total 302080K, used 56488K [0x00000000e0000000, 0x00000000f6d00000, 0x0000000100000000)
  eden space 267776K, 13% used [0x00000000e0000000,0x00000000e2231e88,0x00000000f0580000)
  from space 34304K, 62% used [0x00000000f0580000,0x00000000f1a78450,0x00000000f2700000)
  to   space 35328K, 0% used [0x00000000f4a80000,0x00000000f4a80000,0x00000000f6d00000)
 ParOldGen       total 89600K, used 70357K [0x00000000a0000000, 0x00000000a5780000, 0x00000000e0000000)
  object space 89600K, 78% used [0x00000000a0000000,0x00000000a44b55e8,0x00000000a5780000)
 Metaspace       used 94671K, capacity 98264K, committed 98380K, reserved 1134592K
  class space    used 12652K, capacity 13382K, committed 13440K, reserved 1048576K
Event: 421.706 GC heap after
Heap after GC invocations=17 (full 3):
 PSYoungGen      total 337920K, used 21186K [0x00000000e0000000, 0x00000000f7780000, 0x0000000100000000)
  eden space 302592K, 0% used [0x00000000e0000000,0x00000000e0000000,0x00000000f2780000)
  from space 35328K, 59% used [0x00000000f4a80000,0x00000000f5f308b8,0x00000000f6d00000)
  to   space 35840K, 0% used [0x00000000f2780000,0x00000000f2780000,0x00000000f4a80000)
 ParOldGen       total 89600K, used 70365K [0x00000000a0000000, 0x00000000a5780000, 0x00000000e0000000)
  object space 89600K, 78% used [0x00000000a0000000,0x00000000a44b75e8,0x00000000a5780000)
 Metaspace       used 94671K, capacity 98264K, committed 98380K, reserved 1134592K
  class space    used 12652K, capacity 13382K, committed 13440K, reserved 1048576K
}
Event: 421.724 GC heap before
{Heap before GC invocations=18 (full 4):
 PSYoungGen      total 337920K, used 21186K [0x00000000e0000000, 0x00000000f7780000, 0x0000000100000000)
  eden space 302592K, 0% used [0x00000000e0000000,0x00000000e0000000,0x00000000f2780000)
  from space 35328K, 59% used [0x00000000f4a80000,0x00000000f5f308b8,0x00000000f6d00000)
  to   space 35840K, 0% used [0x00000000f2780000,0x00000000f2780000,0x00000000f4a80000)
 ParOldGen       total 89600K, used 70365K [0x00000000a0000000, 0x00000000a5780000, 0x00000000e0000000)
  object space 89600K, 78% used [0x00000000a0000000,0x00000000a44b75e8,0x00000000a5780000)
 Metaspace       used 94671K, capacity 98264K, committed 98380K, reserved 1134592K
  class space    used 12652K, capacity 13382K, committed 13440K, reserved 1048576K

